<?xml version="1.0" encoding="UTF-8" ?>
<testsuite errors="0" failures="0" hostname="c-134-141.eduroam.liu.se" name="se.liu.ida.tdp024.account.logic.test.facade.AccountLogicFacadeTest" tests="1" time="2.979" timestamp="2013-09-26T13:52:56">
  <properties>
    <property name="default.javac.source" value="1.4" />
    <property name="file.encoding.pkg" value="sun.io" />
    <property name="jnlp.signing.alias" value="" />
    <property name="javac.source" value="1.6" />
    <property name="testng.debug.mode" value="" />
    <property name="netbeans.system_http_proxy" value="DIRECT" />
    <property name="java.home" value="/System/Library/Java/JavaVirtualMachines/1.6.0.jdk/Contents/Home" />
    <property name="test.src.dir" value="test" />
    <property name="sun.java2d.dpiaware" value="true" />
    <property name="javadoc.version" value="false" />
    <property name="jnlp.mixed.code" value="default" />
    <property name="apple.awt.graphics.UseOpenGL" value="false" />
    <property name="java.endorsed.dirs" value="/System/Library/Java/JavaVirtualMachines/1.6.0.jdk/Contents/Home/lib/endorsed" />
    <property name="file.reference.jackson-annotations-2.2.2.jar" value="../lib/jackson-annotations-2.2.2.jar" />
    <property name="sun.java2d.noddraw" value="true" />
    <property name="debug-args-line" value="-Xdebug" />
    <property name="netbeans.hash.code" value="unique=NB_JAVA_WEBCOMMON_WEBEE_MOB_CND_GROOVY_PHP_GFMOD0bd3a6268-1605-4ce4-9a02-61bf5f390ed7_020d348d-dbc8-456d-aaf1-d055e855c09f" />
    <property name="build.sysclasspath" value="ignore" />
    <property name="includes" value="**" />
    <property name="javac.fork" value="false" />
    <property name="source.encoding" value="UTF-8" />
    <property name="sun.os.patch.level" value="unknown" />
    <property name="java.vendor.url" value="http://www.apple.com/" />
    <property name="java.version" value="1.6.0_37" />
    <property name="nb.show.statistics.ui" value="usageStatisticsEnabled" />
    <property name="reference.account-util.jar" value="../account-util/dist/account-util.jar" />
    <property name="javac.debug" value="true" />
    <property name="org.openide.major.version" value="IDE/1" />
    <property name="project.account-logic-api" value="../account-logic-api" />
    <property name="run.classpath" value="../account-data-api/dist/account-data-api.jar:../account-data-impl-db/dist/account-data-impl-db.jar:../account-logic-api/dist/account-logic-api.jar:../lib/derby.jar:../lib/eclipselink-2.3.0.jar:../lib/jackson-annotations-2.2.2.jar:../lib/jackson-core-2.2.2.jar:../lib/jackson-databind-2.2.1.jar:../lib/javax.persistence-2.0.jar:../lib/junit-4.10.jar:../lib/org.eclipse.persistence.jpa.jpql_1.0.0.jar:../account-util/dist/account-util.jar:../account-logic-impl/dist/account-logic-impl.jar:build/classes" />
    <property name="java.vendor.url.bug" value="http://bugreport.apple.com/" />
    <property name="netbeans.autoupdate.variant" value="" />
    <property name="netbeans.buildnumber" value="201306052037" />
    <property name="ant.project.invoked-targets" value="test-single" />
    <property name="jna.platform.library.path" value="/usr/lib:/usr/lib" />
    <property name="annotation.processing.run.all.processors" value="true" />
    <property name="user.name" value="Jocke" />
    <property name="jnlp.enabled" value="false" />
    <property name="ant.file.account-logic-test-impl" value="/Users/Jocke/Programming/R2-D2/account-logic-test/nbproject/build-impl.xml" />
    <property name="empty.dir" value="/Users/Jocke/Programming/R2-D2/account-logic-test/build/empty" />
    <property name="sun.io.unicode.encoding" value="UnicodeLittle" />
    <property name="sun.jnu.encoding" value="MacRoman" />
    <property name="java.runtime.name" value="Java(TM) SE Runtime Environment" />
    <property name="application.vendor" value="marbe92" />
    <property name="jdk.home" value="/System/Library/Java/JavaVirtualMachines/1.6.0.jdk/Contents/Home" />
    <property name="netbeans.autoupdate.version" value="1.23" />
    <property name="netbeans.dirs" value="/Applications/NetBeans/NetBeans 7.3.1.app/Contents/Resources/NetBeans/nb:/Applications/NetBeans/NetBeans 7.3.1.app/Contents/Resources/NetBeans/ergonomics:/Applications/NetBeans/NetBeans 7.3.1.app/Contents/Resources/NetBeans/ide:/Applications/NetBeans/NetBeans 7.3.1.app/Contents/Resources/NetBeans/java:/Applications/NetBeans/NetBeans 7.3.1.app/Contents/Resources/NetBeans/apisupport:/Applications/NetBeans/NetBeans 7.3.1.app/Contents/Resources/NetBeans/webcommon:/Applications/NetBeans/NetBeans 7.3.1.app/Contents/Resources/NetBeans/websvccommon:/Applications/NetBeans/NetBeans 7.3.1.app/Contents/Resources/NetBeans/enterprise:/Applications/NetBeans/NetBeans 7.3.1.app/Contents/Resources/NetBeans/mobility:/Applications/NetBeans/NetBeans 7.3.1.app/Contents/Resources/NetBeans/profiler:/Applications/NetBeans/NetBeans 7.3.1.app/Contents/Resources/NetBeans/python:/Applications/NetBeans/NetBeans 7.3.1.app/Contents/Resources/NetBeans/php:/Applications/NetBeans/NetBeans 7.3.1.app/Contents/Resources/NetBeans/identity:/Applications/NetBeans/NetBeans 7.3.1.app/Contents/Resources/NetBeans/harness:/Applications/NetBeans/NetBeans 7.3.1.app/Contents/Resources/NetBeans/cnd:/Applications/NetBeans/NetBeans 7.3.1.app/Contents/Resources/NetBeans/dlight:/Applications/NetBeans/NetBeans 7.3.1.app/Contents/Resources/NetBeans/groovy:/Applications/NetBeans/NetBeans 7.3.1.app/Contents/Resources/NetBeans/extra:/Applications/NetBeans/NetBeans 7.3.1.app/Contents/Resources/NetBeans/javacard:/Applications/NetBeans/NetBeans 7.3.1.app/Contents/Resources/NetBeans/javafx:" />
    <property name="java.specification.name" value="Java Platform API Specification" />
    <property name="sun.awt.datatransfer.timeout" value="1000" />
    <property name="javadoc.author" value="false" />
    <property name="ap.proc.none.internal" value="" />
    <property name="ftp.nonProxyHosts" value="local|*.local|169.254/16|*.169.254/16" />
    <property name="user.timezone" value="" />
    <property name="nb.native.filechooser" value="false" />
    <property name="netbeans.system_http_non_proxy_hosts" value="" />
    <property name="org.openide.specification.version" value="6.2" />
    <property name="path.separator" value=":" />
    <property name="testng.mode" value="testng" />
    <property name="version-output" value="java version &quot;1.6" />
    <property name="jnlp.signing" value="" />
    <property name="netbeans.accept_license_class" value="org.netbeans.license.AcceptLicense" />
    <property name="file.encoding" value="MacRoman" />
    <property name="dist.javadoc.dir" value="dist/javadoc" />
    <property name="ant.project.default-target" value="default" />
    <property name="file.reference.jackson-core-2.2.2.jar" value="../lib/jackson-core-2.2.2.jar" />
    <property name="sun.java.command" value="org.apache.tools.ant.taskdefs.optional.junit.JUnitTestRunner se.liu.ida.tdp024.account.logic.test.facade.AccountLogicFacadeTest filtertrace=true haltOnError=false haltOnFailure=false showoutput=true outputtoformatters=true logfailedtests=true logtestlistenerevents=true formatter=org.apache.tools.ant.taskdefs.optional.junit.BriefJUnitResultFormatter formatter=org.apache.tools.ant.taskdefs.optional.junit.XMLJUnitResultFormatter,/Users/Jocke/Programming/R2-D2/account-logic-test/build/test/results/TEST-se.liu.ida.tdp024.account.logic.test.facade.AccountLogicFacadeTest.xml crashfile=/Users/Jocke/Programming/R2-D2/account-logic-test/build/junitvmwatcher2486450694197473485.properties propsfile=/Users/Jocke/Programming/R2-D2/account-logic-test/build/junit5863086102467792530.properties" />
    <property name="built-jar.properties" value="/Users/Jocke/Programming/R2-D2/account-logic-test/build/built-jar.properties" />
    <property name="socksNonProxyHosts" value="local|*.local|169.254/16|*.169.254/16" />
    <property name="ant.junit.enabletestlistenerevents" value="true" />
    <property name="ant.file" value="/Users/Jocke/Programming/R2-D2/account-logic-test/build.xml" />
    <property name="junit.available" value="true" />
    <property name="netbeans.autoupdate.language" value="en" />
    <property name="java.io.tmpdir" value="/var/folders/mg/r7h63xj95nv379z6z690g6dm0000gn/T/" />
    <property name="build.test.results.dir" value="build/test/results" />
    <property name="user.language" value="en" />
    <property name="line.separator" value="&#xa;" />
    <property name="apple.laf.useScreenMenuBar" value="true" />
    <property name="javac.compilerargs" value="" />
    <property name="jar.compress" value="false" />
    <property name="debug-transport-by-os" value="dt_socket" />
    <property name="ant.file.account-logic-test" value="/Users/Jocke/Programming/R2-D2/account-logic-test/build.xml" />
    <property name="java.vm.info" value="mixed mode" />
    <property name="reference.account-data-api.jar" value="../account-data-api/dist/account-data-api.jar" />
    <property name="javadoc.private" value="false" />
    <property name="annotation.processing.processors.list" value="" />
    <property name="java.vm.specification.name" value="Java Virtual Machine Specification" />
    <property name="build.test.classes.dir" value="build/test/classes" />
    <property name="project.account-data-api" value="../account-data-api" />
    <property name="test.binaryexcludes" value="" />
    <property name="project.account-logic-impl" value="../account-logic-impl" />
    <property name="file.reference.javax.persistence-2.0.jar" value="../lib/javax.persistence-2.0.jar" />
    <property name="netbeans.dynamic.classpath" value="/Applications/NetBeans/NetBeans 7.3.1.app/Contents/Resources/NetBeans/platform/core/core.jar:/Applications/NetBeans/NetBeans 7.3.1.app/Contents/Resources/NetBeans/platform/core/org-openide-filesystems.jar:/Applications/NetBeans/NetBeans 7.3.1.app/Contents/Resources/NetBeans/platform/core/locale/core_ja.jar:/Applications/NetBeans/NetBeans 7.3.1.app/Contents/Resources/NetBeans/platform/core/locale/core_pt_BR.jar:/Applications/NetBeans/NetBeans 7.3.1.app/Contents/Resources/NetBeans/platform/core/locale/core_ru.jar:/Applications/NetBeans/NetBeans 7.3.1.app/Contents/Resources/NetBeans/platform/core/locale/core_zh_CN.jar:/Applications/NetBeans/NetBeans 7.3.1.app/Contents/Resources/NetBeans/platform/core/locale/org-openide-filesystems_ja.jar:/Applications/NetBeans/NetBeans 7.3.1.app/Contents/Resources/NetBeans/platform/core/locale/org-openide-filesystems_pt_BR.jar:/Applications/NetBeans/NetBeans 7.3.1.app/Contents/Resources/NetBeans/platform/core/locale/org-openide-filesystems_ru.jar:/Applications/NetBeans/NetBeans 7.3.1.app/Contents/Resources/NetBeans/platform/core/locale/org-openide-filesystems_zh_CN.jar:/Applications/NetBeans/NetBeans 7.3.1.app/Contents/Resources/NetBeans/nb/core/org-netbeans-upgrader.jar:/Applications/NetBeans/NetBeans 7.3.1.app/Contents/Resources/NetBeans/nb/core/locale/core_nb.jar:/Applications/NetBeans/NetBeans 7.3.1.app/Contents/Resources/NetBeans/nb/core/locale/org-netbeans-upgrader_ja.jar:/Applications/NetBeans/NetBeans 7.3.1.app/Contents/Resources/NetBeans/nb/core/locale/org-netbeans-upgrader_pt_BR.jar:/Applications/NetBeans/NetBeans 7.3.1.app/Contents/Resources/NetBeans/nb/core/locale/org-netbeans-upgrader_ru.jar:/Applications/NetBeans/NetBeans 7.3.1.app/Contents/Resources/NetBeans/nb/core/locale/org-netbeans-upgrader_zh_CN.jar" />
    <property name="platform.active" value="default_platform" />
    <property name="ap.cmd.line.internal" value="" />
    <property name="javac.includes.binary" value="/Users/Jocke/Programming/R2-D2/account-logic-test/build/test/classes/se/liu/ida/tdp024/account/logic/test/facade/AccountLogicFacadeTest.class" />
    <property name="jdkBug6558476" value="false" />
    <property name="http.nonProxyHosts" value="local|*.local|169.254/16|*.169.254/16" />
    <property name="endorsed.classpath" value="" />
    <property name="javac.includes" value="se/liu/ida/tdp024/account/logic/test/facade/AccountLogicFacadeTest.java" />
    <property name="netbeans.autoupdate.country" value="US" />
    <property name="javadoc.encoding" value="UTF-8" />
    <property name="java.awt.printerjob" value="apple.awt.CPrinterJob" />
    <property name="ap.processors.internal" value="" />
    <property name="do.archive" value="true" />
    <property name="dist.jar" value="dist/account-logic-test.jar" />
    <property name="meta.inf.dir" value="${src.dir}/META-INF" />
    <property name="ant.version" value="Apache Ant(TM) version 1.8.4 compiled on May 22 2012" />
    <property name="netbeans.home" value="/Applications/NetBeans/NetBeans 7.3.1.app/Contents/Resources/NetBeans/platform" />
    <property name="javadoc.nonavbar" value="false" />
    <property name="user.properties.file" value="C:\Users\andyd643\.netbeans\7.0\build.properties" />
    <property name="netbeans.importclass" value="org.netbeans.upgrade.AutoUpgrade" />
    <property name="ant.file.type.account-logic-test" value="file" />
    <property name="gopherProxySet" value="false" />
    <property name="annotation.processing.source.output" value="build/generated-sources/ap-source-output" />
    <property name="build.generated.dir" value="build/generated" />
    <property name="netbeans.home+have.tests" value="true" />
    <property name="apple.awt.graphics.UseQuartz" value="true" />
    <property name="os.name" value="Mac OS X" />
    <property name="java.specification.vendor" value="Sun Microsystems Inc." />
    <property name="file.reference.junit-4.10.jar" value="../lib/junit-4.10.jar" />
    <property name="mrj.build" value="11M3909" />
    <property name="run.test.classpath" value="../account-data-api/dist/account-data-api.jar:../account-data-impl-db/dist/account-data-impl-db.jar:../account-logic-api/dist/account-logic-api.jar:../lib/derby.jar:../lib/eclipselink-2.3.0.jar:../lib/jackson-annotations-2.2.2.jar:../lib/jackson-core-2.2.2.jar:../lib/jackson-databind-2.2.1.jar:../lib/javax.persistence-2.0.jar:../lib/junit-4.10.jar:../lib/org.eclipse.persistence.jpa.jpql_1.0.0.jar:../account-util/dist/account-util.jar:../account-logic-impl/dist/account-logic-impl.jar:build/classes:${libs.junit_4.classpath}:build/test/classes" />
    <property name="java.vm.name" value="Java HotSpot(TM) 64-Bit Server VM" />
    <property name="mrj.version" value="1070.1.6.0_37-434" />
    <property name="org.openide.version" value="deprecated" />
    <property name="ap.supported.internal" value="true" />
    <property name="java.library.path" value=".:/Library/Java/Extensions:/System/Library/Java/Extensions:/usr/lib/java" />
    <property name="reference.account-logic-impl.jar" value="../account-logic-impl/dist/account-logic-impl.jar" />
    <property name="sun.zip.disableMemoryMapping" value="true" />
    <property name="ant.java.version" value="1.6" />
    <property name="basedir" value="/Users/Jocke/Programming/R2-D2/account-logic-test" />
    <property name="javadoc.noindex" value="false" />
    <property name="jna.boot.library.name" value="jnidispatch-340" />
    <property name="java.class.version" value="50.0" />
    <property name="sun.awt.exception.handler" value="apple.awt.CToolkit$EventQueueExceptionHandler" />
    <property name="javac.test.classpath" value="../account-data-api/dist/account-data-api.jar:../account-data-impl-db/dist/account-data-impl-db.jar:../account-logic-api/dist/account-logic-api.jar:../lib/derby.jar:../lib/eclipselink-2.3.0.jar:../lib/jackson-annotations-2.2.2.jar:../lib/jackson-core-2.2.2.jar:../lib/jackson-databind-2.2.1.jar:../lib/javax.persistence-2.0.jar:../lib/junit-4.10.jar:../lib/org.eclipse.persistence.jpa.jpql_1.0.0.jar:../account-util/dist/account-util.jar:../account-logic-impl/dist/account-logic-impl.jar:build/classes:${libs.junit_4.classpath}" />
    <property name="javac.processorpath" value="../account-data-api/dist/account-data-api.jar:../account-data-impl-db/dist/account-data-impl-db.jar:../account-logic-api/dist/account-logic-api.jar:../lib/derby.jar:../lib/eclipselink-2.3.0.jar:../lib/jackson-annotations-2.2.2.jar:../lib/jackson-core-2.2.2.jar:../lib/jackson-databind-2.2.1.jar:../lib/javax.persistence-2.0.jar:../lib/junit-4.10.jar:../lib/org.eclipse.persistence.jpa.jpql_1.0.0.jar:../account-util/dist/account-util.jar:../account-logic-impl/dist/account-logic-impl.jar" />
    <property name="ant.home" value="/Applications/NetBeans/NetBeans 7.3.1.app/Contents/Resources/NetBeans/java/ant" />
    <property name="javadoc.splitindex" value="true" />
    <property name="javac.test.processorpath" value="../account-data-api/dist/account-data-api.jar:../account-data-impl-db/dist/account-data-impl-db.jar:../account-logic-api/dist/account-logic-api.jar:../lib/derby.jar:../lib/eclipselink-2.3.0.jar:../lib/jackson-annotations-2.2.2.jar:../lib/jackson-core-2.2.2.jar:../lib/jackson-databind-2.2.1.jar:../lib/javax.persistence-2.0.jar:../lib/junit-4.10.jar:../lib/org.eclipse.persistence.jpa.jpql_1.0.0.jar:../account-util/dist/account-util.jar:../account-logic-impl/dist/account-logic-impl.jar:build/classes:${libs.junit_4.classpath}" />
    <property name="project.account-data-impl-db" value="../account-data-impl-db" />
    <property name="javadoc.preview" value="true" />
    <property name="copylibs.rebase" value="true" />
    <property name="jnlp.signing.keystore" value="" />
    <property name="junit.forkmode" value="perTest" />
    <property name="test.binarytestincludes" value="" />
    <property name="sun.boot.library.path" value="/System/Library/Java/JavaVirtualMachines/1.6.0.jdk/Contents/Libraries" />
    <property name="build.dir" value="build" />
    <property name="application.title" value="account-logic-test" />
    <property name="sun.management.compiler" value="HotSpot 64-Bit Tiered Compilers" />
    <property name="java.awt.graphicsenv" value="apple.awt.CGraphicsEnvironment" />
    <property name="javadoc.encoding.used" value="UTF-8" />
    <property name="javadoc.windowtitle" value="" />
    <property name="netbeans.productversion" value="NetBeans IDE 7.3.1 (Build 201306052037)" />
    <property name="annotation.processing.enabled" value="true" />
    <property name="run.jvmargs.ide" value="" />
    <property name="com.apple.mrj.application.apple.menu.about.name" value="NetBeans" />
    <property name="build.generated.sources.dir" value="build/generated-sources" />
    <property name="run.jvmargs" value="" />
    <property name="nb.junit.single" value="false" />
    <property name="build.compiler.emacs" value="true" />
    <property name="ant.project.name" value="account-logic-test" />
    <property name="java.vm.specification.version" value="1.0" />
    <property name="work.dir" value="/Users/Jocke/Programming/R2-D2/account-logic-test" />
    <property name="awt.toolkit" value="apple.awt.CToolkit" />
    <property name="javadoc.use" value="true" />
    <property name="sun.cpu.isalist" value="" />
    <property name="java.ext.dirs" value="/Library/Java/Extensions:/System/Library/Java/Extensions:/System/Library/Java/JavaVirtualMachines/1.6.0.jdk/Contents/Home/lib/ext" />
    <property name="netbeans.default_userdir_root" value="/Users/Jocke/Library/Application Support/NetBeans" />
    <property name="os.version" value="10.8.4" />
    <property name="excludes" value="" />
    <property name="jnlp.descriptor" value="application" />
    <property name="user.home" value="/Users/Jocke" />
    <property name="org.xml.sax.driver" value="com.sun.org.apache.xerces.internal.jaxp.SAXParserImpl$JAXPSAXParser" />
    <property name="java.vm.vendor" value="Apple Inc." />
    <property name="user.dir" value="/Users/Jocke/Programming/R2-D2/account-logic-test" />
    <property name="debug-transport" value="dt_socket" />
    <property name="application.args" value="" />
    <property name="javac.includesfile.binary" value="/Users/Jocke/Programming/R2-D2/account-logic-test/null764764006" />
    <property name="sun.cpu.endian" value="little" />
    <property name="file.reference.org.eclipse.persistence.jpa.jpql_1.0.0.jar" value="../lib/org.eclipse.persistence.jpa.jpql_1.0.0.jar" />
    <property name="endorsed.classpath.cmd.line.arg" value="" />
    <property name="file.reference.jackson-databind-2.2.1.jar" value="../lib/jackson-databind-2.2.1.jar" />
    <property name="jar.index" value="false" />
    <property name="jnlp.offline-allowed" value="false" />
    <property name="test.binaryincludes" value="&lt;nothing&gt;" />
    <property name="java.vm.version" value="20.12-b01-434" />
    <property name="java.class.path" value="/Users/Jocke/Programming/R2-D2/account-data-api/dist/account-data-api.jar:/Users/Jocke/Programming/R2-D2/account-data-impl-db/dist/account-data-impl-db.jar:/Users/Jocke/Programming/R2-D2/account-logic-api/dist/account-logic-api.jar:/Users/Jocke/Programming/R2-D2/lib/derby.jar:/Users/Jocke/Programming/R2-D2/lib/eclipselink-2.3.0.jar:/Users/Jocke/Programming/R2-D2/lib/jackson-annotations-2.2.2.jar:/Users/Jocke/Programming/R2-D2/lib/jackson-core-2.2.2.jar:/Users/Jocke/Programming/R2-D2/lib/jackson-databind-2.2.1.jar:/Users/Jocke/Programming/R2-D2/lib/javax.persistence-2.0.jar:/Users/Jocke/Programming/R2-D2/lib/junit-4.10.jar:/Users/Jocke/Programming/R2-D2/lib/org.eclipse.persistence.jpa.jpql_1.0.0.jar:/Users/Jocke/Programming/R2-D2/account-util/dist/account-util.jar:/Users/Jocke/Programming/R2-D2/account-logic-impl/dist/account-logic-impl.jar:/Users/Jocke/Programming/R2-D2/account-logic-test/build/classes:/Users/Jocke/Programming/R2-D2/account-logic-test/build/test/classes:/Applications/NetBeans/NetBeans 7.3.1.app/Contents/Resources/NetBeans/java/ant/lib/ant-launcher.jar:/Applications/NetBeans/NetBeans 7.3.1.app/Contents/Resources/NetBeans/java/ant/lib/ant.jar:/Applications/NetBeans/NetBeans 7.3.1.app/Contents/Resources/NetBeans/java/ant/lib/ant-junit.jar:/Applications/NetBeans/NetBeans 7.3.1.app/Contents/Resources/NetBeans/java/ant/lib/ant-junit4.jar" />
    <property name="annotation.processing.processor.options" value="" />
    <property name="file.reference.derby.jar" value="../lib/derby.jar" />
    <property name="os.arch" value="x86_64" />
    <property name="javac.deprecation" value="false" />
    <property name="build.classes.excludes" value="**/*.java,**/*.form" />
    <property name="dist.dir" value="dist" />
    <property name="netbeans.user" value="/Users/Jocke/Library/Application Support/NetBeans/7.3.1" />
    <property name="debug.classpath" value="../account-data-api/dist/account-data-api.jar:../account-data-impl-db/dist/account-data-impl-db.jar:../account-logic-api/dist/account-logic-api.jar:../lib/derby.jar:../lib/eclipselink-2.3.0.jar:../lib/jackson-annotations-2.2.2.jar:../lib/jackson-core-2.2.2.jar:../lib/jackson-databind-2.2.1.jar:../lib/javax.persistence-2.0.jar:../lib/junit-4.10.jar:../lib/org.eclipse.persistence.jpa.jpql_1.0.0.jar:../account-util/dist/account-util.jar:../account-logic-impl/dist/account-logic-impl.jar:build/classes" />
    <property name="sun.java.launcher" value="SUN_STANDARD" />
    <property name="jar.index.metainf" value="false" />
    <property name="jnlp.codebase.type" value="no.codebase" />
    <property name="annotation.processing.enabled.in.editor" value="false" />
    <property name="ant.core.lib" value="/Applications/NetBeans/NetBeans 7.3.1.app/Contents/Resources/NetBeans/java/ant/lib/ant.jar" />
    <property name="java.vm.specification.vendor" value="Sun Microsystems Inc." />
    <property name="jnlp.signed" value="false" />
    <property name="do.depend" value="false" />
    <property name="file.separator" value="/" />
    <property name="java.runtime.version" value="1.6.0_37-b06-434-11M3909" />
    <property name="debug.test.classpath" value="../account-data-api/dist/account-data-api.jar:../account-data-impl-db/dist/account-data-impl-db.jar:../account-logic-api/dist/account-logic-api.jar:../lib/derby.jar:../lib/eclipselink-2.3.0.jar:../lib/jackson-annotations-2.2.2.jar:../lib/jackson-core-2.2.2.jar:../lib/jackson-databind-2.2.1.jar:../lib/javax.persistence-2.0.jar:../lib/junit-4.10.jar:../lib/org.eclipse.persistence.jpa.jpql_1.0.0.jar:../account-util/dist/account-util.jar:../account-logic-impl/dist/account-logic-impl.jar:build/classes:${libs.junit_4.classpath}:build/test/classes" />
    <property name="sun.boot.class.path" value="/System/Library/Java/JavaVirtualMachines/1.6.0.jdk/Contents/Classes/jsfd.jar:/System/Library/Java/JavaVirtualMachines/1.6.0.jdk/Contents/Classes/classes.jar:/System/Library/Frameworks/JavaVM.framework/Frameworks/JavaRuntimeSupport.framework/Resources/Java/JavaRuntimeSupport.jar:/System/Library/Java/JavaVirtualMachines/1.6.0.jdk/Contents/Classes/ui.jar:/System/Library/Java/JavaVirtualMachines/1.6.0.jdk/Contents/Classes/laf.jar:/System/Library/Java/JavaVirtualMachines/1.6.0.jdk/Contents/Classes/sunrsasign.jar:/System/Library/Java/JavaVirtualMachines/1.6.0.jdk/Contents/Classes/jsse.jar:/System/Library/Java/JavaVirtualMachines/1.6.0.jdk/Contents/Classes/jce.jar:/System/Library/Java/JavaVirtualMachines/1.6.0.jdk/Contents/Classes/charsets.jar" />
    <property name="nb.junit.batch" value="true" />
    <property name="have.tests" value="true" />
    <property name="jar.archive.disabled" value="false" />
    <property name="test.includes" value="se/liu/ida/tdp024/account/logic/test/facade/AccountLogicFacadeTest.java" />
    <property name="project.account-util" value="../account-util" />
    <property name="java.util.logging.config.class" value="org.netbeans.core.startup.TopLogging" />
    <property name="reference.account-data-impl-db.jar" value="../account-data-impl-db/dist/account-data-impl-db.jar" />
    <property name="user.country" value="US" />
    <property name="javadoc.notree" value="false" />
    <property name="ant.file.type.account-logic-test-impl" value="file" />
    <property name="reference.account-logic-api.jar" value="../account-logic-api/dist/account-logic-api.jar" />
    <property name="default.javac.target" value="1.4" />
    <property name="javac.classpath" value="../account-data-api/dist/account-data-api.jar:../account-data-impl-db/dist/account-data-impl-db.jar:../account-logic-api/dist/account-logic-api.jar:../lib/derby.jar:../lib/eclipselink-2.3.0.jar:../lib/jackson-annotations-2.2.2.jar:../lib/jackson-core-2.2.2.jar:../lib/jackson-databind-2.2.1.jar:../lib/javax.persistence-2.0.jar:../lib/junit-4.10.jar:../lib/org.eclipse.persistence.jpa.jpql_1.0.0.jar:../account-util/dist/account-util.jar:../account-logic-impl/dist/account-logic-impl.jar" />
    <property name="javadoc.additionalparam" value="" />
    <property name="build.classes.dir" value="build/classes" />
    <property name="java.vendor" value="Apple Inc." />
    <property name="javac.target" value="1.6" />
    <property name="file.reference.eclipselink-2.3.0.jar" value="../lib/eclipselink-2.3.0.jar" />
    <property name="awt.nativeDoubleBuffering" value="true" />
    <property name="runtime.encoding" value="UTF-8" />
    <property name="java.specification.version" value="1.6" />
    <property name="mkdist.disabled" value="true" />
    <property name="sun.arch.data.model" value="64" />
  </properties>
  <testcase classname="se.liu.ida.tdp024.account.logic.test.facade.AccountLogicFacadeTest" name="testCreate" time="2.91" />
  <system-out><![CDATA[[EL Info]: 2013-09-26 15:52:57.813--ServerSession(533000440)--EclipseLink, version: Eclipse Persistence Services - 2.3.0.v20110604-r9504
[EL Info]: 2013-09-26 15:52:58.862--ServerSession(533000440)--file:/Users/Jocke/Programming/R2-D2/account-data-impl-db/dist/account-data-impl-db.jar_account-dataPU login successful
[EL Warning]: 2013-09-26 15:52:59.059--ServerSession(533000440)--Exception [EclipseLink-4002] (Eclipse Persistence Services - 2.3.0.v20110604-r9504): org.eclipse.persistence.exceptions.DatabaseException
Internal Exception: java.sql.SQLSyntaxErrorException: 'DROP TABLE' cannot be performed on 'ACCOUNTDB' because it does not exist.
Error Code: 30000
Call: DROP TABLE ACCOUNTDB
Query: DataModifyQuery(sql="DROP TABLE ACCOUNTDB")
CHECK,{"key":"ahRzfmVudGVycHJpc2Utc3lzdGVtc3INCxIGUGVyc29uGLNtDA","name":"Marcus Bendtsen"},{"key":"ahRzfmVudGVycHJpc2Utc3lzdGVtc3ILCxIEQmFuaxiJJww","name":"SWEDBANK"}
]]></system-out>
  <system-err><![CDATA[]]></system-err>
</testsuite>
